1640832095.203941 client started (1024606): version next-3.3, socket /tmp/tmux-1000/default, protocol 8
1640832095.204001 on Linux 5.11.0-43-generic #47~20.04.2-Ubuntu SMP Mon Dec 13 11:06:56 UTC 2021
1640832095.204016 using libevent 2.1.11-stable (poll); ncurses 6.2
1640832095.204070 flags are 0x10010000
1640832095.204081 socket is /tmp/tmux-1000/default
1640832095.204106 trying connect
1640832095.204745 add peer 0x56343b882880: 6 ((nil))
1640832095.205539 sending message 100 to peer 0x56343b882880 (4 bytes)
1640832095.205566 sending message 111 to peer 0x56343b882880 (8 bytes)
1640832095.205578 sending message 101 to peer 0x56343b882880 (12 bytes)
1640832095.205589 sending message 109 to peer 0x56343b882880 (4 bytes)
1640832095.205599 sending message 102 to peer 0x56343b882880 (12 bytes)
1640832095.205609 sending message 108 to peer 0x56343b882880 (20 bytes)
1640832095.205620 sending message 112 to peer 0x56343b882880 (70 bytes)
1640832095.205631 sending message 112 to peer 0x56343b882880 (5 bytes)
1640832095.205642 sending message 112 to peer 0x56343b882880 (6 bytes)
1640832095.205652 sending message 112 to peer 0x56343b882880 (6 bytes)
1640832095.205663 sending message 112 to peer 0x56343b882880 (11 bytes)
1640832095.205673 sending message 112 to peer 0x56343b882880 (10 bytes)
1640832095.205683 sending message 112 to peer 0x56343b882880 (13 bytes)
1640832095.205694 sending message 112 to peer 0x56343b882880 (14 bytes)
1640832095.205703 sending message 112 to peer 0x56343b882880 (19 bytes)
1640832095.205714 sending message 112 to peer 0x56343b882880 (11 bytes)
1640832095.205724 sending message 112 to peer 0x56343b882880 (21 bytes)
1640832095.205734 sending message 112 to peer 0x56343b882880 (13 bytes)
1640832095.205744 sending message 112 to peer 0x56343b882880 (7 bytes)
1640832095.205755 sending message 112 to peer 0x56343b882880 (13 bytes)
1640832095.205765 sending message 112 to peer 0x56343b882880 (7 bytes)
1640832095.205775 sending message 112 to peer 0x56343b882880 (13 bytes)
1640832095.205785 sending message 112 to peer 0x56343b882880 (9 bytes)
1640832095.205797 sending message 112 to peer 0x56343b882880 (21 bytes)
1640832095.205807 sending message 112 to peer 0x56343b882880 (13 bytes)
1640832095.205817 sending message 112 to peer 0x56343b882880 (9 bytes)
1640832095.205827 sending message 112 to peer 0x56343b882880 (13 bytes)
1640832095.205838 sending message 112 to peer 0x56343b882880 (13 bytes)
1640832095.205848 sending message 112 to peer 0x56343b882880 (9 bytes)
1640832095.205859 sending message 112 to peer 0x56343b882880 (9 bytes)
1640832095.205869 sending message 112 to peer 0x56343b882880 (12 bytes)
1640832095.205879 sending message 112 to peer 0x56343b882880 (8 bytes)
1640832095.205889 sending message 112 to peer 0x56343b882880 (13 bytes)
1640832095.205899 sending message 112 to peer 0x56343b882880 (7 bytes)
1640832095.205909 sending message 112 to peer 0x56343b882880 (7 bytes)
1640832095.205920 sending message 112 to peer 0x56343b882880 (9 bytes)
1640832095.205930 sending message 112 to peer 0x56343b882880 (10 bytes)
1640832095.205940 sending message 112 to peer 0x56343b882880 (6 bytes)
1640832095.205950 sending message 112 to peer 0x56343b882880 (9 bytes)
1640832095.205961 sending message 112 to peer 0x56343b882880 (15 bytes)
1640832095.205971 sending message 112 to peer 0x56343b882880 (13 bytes)
1640832095.205981 sending message 112 to peer 0x56343b882880 (12 bytes)
1640832095.205991 sending message 112 to peer 0x56343b882880 (8 bytes)
1640832095.206001 sending message 112 to peer 0x56343b882880 (14 bytes)
1640832095.206011 sending message 112 to peer 0x56343b882880 (11 bytes)
1640832095.206021 sending message 112 to peer 0x56343b882880 (9 bytes)
1640832095.206031 sending message 112 to peer 0x56343b882880 (10 bytes)
1640832095.206041 sending message 112 to peer 0x56343b882880 (10 bytes)
1640832095.206051 sending message 112 to peer 0x56343b882880 (10 bytes)
1640832095.206061 sending message 112 to peer 0x56343b882880 (10 bytes)
1640832095.206071 sending message 112 to peer 0x56343b882880 (11 bytes)
1640832095.206082 sending message 112 to peer 0x56343b882880 (11 bytes)
1640832095.206108 sending message 112 to peer 0x56343b882880 (10 bytes)
1640832095.206119 sending message 112 to peer 0x56343b882880 (12 bytes)
1640832095.206130 sending message 112 to peer 0x56343b882880 (8 bytes)
1640832095.206140 sending message 112 to peer 0x56343b882880 (11 bytes)
1640832095.206150 sending message 112 to peer 0x56343b882880 (11 bytes)
1640832095.206160 sending message 112 to peer 0x56343b882880 (11 bytes)
1640832095.206170 sending message 112 to peer 0x56343b882880 (12 bytes)
1640832095.206180 sending message 112 to peer 0x56343b882880 (12 bytes)
1640832095.206191 sending message 112 to peer 0x56343b882880 (12 bytes)
1640832095.206201 sending message 112 to peer 0x56343b882880 (12 bytes)
1640832095.206211 sending message 112 to peer 0x56343b882880 (13 bytes)
1640832095.206221 sending message 112 to peer 0x56343b882880 (13 bytes)
1640832095.206231 sending message 112 to peer 0x56343b882880 (13 bytes)
1640832095.206242 sending message 112 to peer 0x56343b882880 (8 bytes)
1640832095.206252 sending message 112 to peer 0x56343b882880 (13 bytes)
1640832095.206263 sending message 112 to peer 0x56343b882880 (13 bytes)
1640832095.206273 sending message 112 to peer 0x56343b882880 (13 bytes)
1640832095.206283 sending message 112 to peer 0x56343b882880 (13 bytes)
1640832095.206293 sending message 112 to peer 0x56343b882880 (13 bytes)
1640832095.206303 sending message 112 to peer 0x56343b882880 (12 bytes)
1640832095.206313 sending message 112 to peer 0x56343b882880 (12 bytes)
1640832095.206325 sending message 112 to peer 0x56343b882880 (12 bytes)
1640832095.206337 sending message 112 to peer 0x56343b882880 (12 bytes)
1640832095.206347 sending message 112 to peer 0x56343b882880 (13 bytes)
1640832095.206358 sending message 112 to peer 0x56343b882880 (8 bytes)
1640832095.206369 sending message 112 to peer 0x56343b882880 (13 bytes)
1640832095.206380 sending message 112 to peer 0x56343b882880 (13 bytes)
1640832095.206390 sending message 112 to peer 0x56343b882880 (13 bytes)
1640832095.206401 sending message 112 to peer 0x56343b882880 (13 bytes)
1640832095.206412 sending message 112 to peer 0x56343b882880 (13 bytes)
1640832095.206423 sending message 112 to peer 0x56343b882880 (13 bytes)
1640832095.206433 sending message 112 to peer 0x56343b882880 (13 bytes)
1640832095.206443 sending message 112 to peer 0x56343b882880 (12 bytes)
1640832095.206453 sending message 112 to peer 0x56343b882880 (12 bytes)
1640832095.206463 sending message 112 to peer 0x56343b882880 (12 bytes)
1640832095.206474 sending message 112 to peer 0x56343b882880 (8 bytes)
1640832095.206484 sending message 112 to peer 0x56343b882880 (12 bytes)
1640832095.206494 sending message 112 to peer 0x56343b882880 (13 bytes)
1640832095.206504 sending message 112 to peer 0x56343b882880 (13 bytes)
1640832095.206515 sending message 112 to peer 0x56343b882880 (13 bytes)
1640832095.206526 sending message 112 to peer 0x56343b882880 (13 bytes)
1640832095.206536 sending message 112 to peer 0x56343b882880 (13 bytes)
1640832095.206785 sending message 112 to peer 0x56343b882880 (13 bytes)
1640832095.206805 sending message 112 to peer 0x56343b882880 (13 bytes)
1640832095.206815 sending message 112 to peer 0x56343b882880 (13 bytes)
1640832095.206826 sending message 112 to peer 0x56343b882880 (12 bytes)
1640832095.206836 sending message 112 to peer 0x56343b882880 (10 bytes)
1640832095.206847 sending message 112 to peer 0x56343b882880 (12 bytes)
1640832095.206857 sending message 112 to peer 0x56343b882880 (12 bytes)
1640832095.206867 sending message 112 to peer 0x56343b882880 (12 bytes)
1640832095.206877 sending message 112 to peer 0x56343b882880 (13 bytes)
1640832095.206887 sending message 112 to peer 0x56343b882880 (13 bytes)
1640832095.206897 sending message 112 to peer 0x56343b882880 (13 bytes)
1640832095.206907 sending message 112 to peer 0x56343b882880 (13 bytes)
1640832095.206918 sending message 112 to peer 0x56343b882880 (13 bytes)
1640832095.206929 sending message 112 to peer 0x56343b882880 (13 bytes)
1640832095.206953 sending message 112 to peer 0x56343b882880 (13 bytes)
1640832095.206964 sending message 112 to peer 0x56343b882880 (10 bytes)
1640832095.206974 sending message 112 to peer 0x56343b882880 (13 bytes)
1640832095.206985 sending message 112 to peer 0x56343b882880 (12 bytes)
1640832095.206995 sending message 112 to peer 0x56343b882880 (12 bytes)
1640832095.207005 sending message 112 to peer 0x56343b882880 (12 bytes)
1640832095.207016 sending message 112 to peer 0x56343b882880 (10 bytes)
1640832095.207026 sending message 112 to peer 0x56343b882880 (10 bytes)
1640832095.207036 sending message 112 to peer 0x56343b882880 (10 bytes)
1640832095.207046 sending message 112 to peer 0x56343b882880 (12 bytes)
1640832095.207056 sending message 112 to peer 0x56343b882880 (11 bytes)
1640832095.207066 sending message 112 to peer 0x56343b882880 (11 bytes)
1640832095.207076 sending message 112 to peer 0x56343b882880 (11 bytes)
1640832095.207087 sending message 112 to peer 0x56343b882880 (12 bytes)
1640832095.207097 sending message 112 to peer 0x56343b882880 (12 bytes)
1640832095.207143 sending message 112 to peer 0x56343b882880 (10 bytes)
1640832095.207160 sending message 112 to peer 0x56343b882880 (9 bytes)
1640832095.207171 sending message 112 to peer 0x56343b882880 (12 bytes)
1640832095.207181 sending message 112 to peer 0x56343b882880 (9 bytes)
1640832095.207192 sending message 112 to peer 0x56343b882880 (12 bytes)
1640832095.207202 sending message 112 to peer 0x56343b882880 (11 bytes)
1640832095.207212 sending message 112 to peer 0x56343b882880 (12 bytes)
1640832095.207223 sending message 112 to peer 0x56343b882880 (21 bytes)
1640832095.207233 sending message 112 to peer 0x56343b882880 (12 bytes)
1640832095.207243 sending message 112 to peer 0x56343b882880 (9 bytes)
1640832095.207254 sending message 112 to peer 0x56343b882880 (6 bytes)
1640832095.207264 sending message 112 to peer 0x56343b882880 (13 bytes)
1640832095.207275 sending message 112 to peer 0x56343b882880 (10 bytes)
1640832095.207285 sending message 112 to peer 0x56343b882880 (15 bytes)
1640832095.207295 sending message 112 to peer 0x56343b882880 (13 bytes)
1640832095.207305 sending message 112 to peer 0x56343b882880 (9 bytes)
1640832095.207316 sending message 112 to peer 0x56343b882880 (70 bytes)
1640832095.207326 sending message 112 to peer 0x56343b882880 (69 bytes)
1640832095.207336 sending message 112 to peer 0x56343b882880 (10 bytes)
1640832095.207346 sending message 112 to peer 0x56343b882880 (10 bytes)
1640832095.207356 sending message 112 to peer 0x56343b882880 (10 bytes)
1640832095.207366 sending message 112 to peer 0x56343b882880 (15 bytes)
1640832095.207376 sending message 112 to peer 0x56343b882880 (13 bytes)
1640832095.207387 sending message 112 to peer 0x56343b882880 (10 bytes)
1640832095.207397 sending message 112 to peer 0x56343b882880 (10 bytes)
1640832095.207407 sending message 112 to peer 0x56343b882880 (10 bytes)
1640832095.207416 sending message 112 to peer 0x56343b882880 (13 bytes)
1640832095.207427 sending message 112 to peer 0x56343b882880 (5 bytes)
1640832095.207437 sending message 112 to peer 0x56343b882880 (9 bytes)
1640832095.207448 sending message 112 to peer 0x56343b882880 (15 bytes)
1640832095.207461 sending message 104 to peer 0x56343b882880 (0 bytes)
1640832095.207474 sending message 110 to peer 0x56343b882880 (0 bytes)
1640832095.207486 sending message 107 to peer 0x56343b882880 (4 bytes)
1640832095.207497 sending message 105 to peer 0x56343b882880 (39 bytes)
1640832095.207508 sending message 105 to peer 0x56343b882880 (32 bytes)
1640832095.207518 sending message 105 to peer 0x56343b882880 (16 bytes)
1640832095.207528 sending message 105 to peer 0x56343b882880 (31 bytes)
1640832095.207539 sending message 105 to peer 0x56343b882880 (32 bytes)
1640832095.207550 sending message 105 to peer 0x56343b882880 (98 bytes)
1640832095.207560 sending message 105 to peer 0x56343b882880 (26 bytes)
1640832095.207570 sending message 105 to peer 0x56343b882880 (35 bytes)
1640832095.207580 sending message 105 to peer 0x56343b882880 (17 bytes)
1640832095.207600 sending message 105 to peer 0x56343b882880 (11 bytes)
1640832095.207611 sending message 105 to peer 0x56343b882880 (31 bytes)
1640832095.207622 sending message 105 to peer 0x56343b882880 (27 bytes)
1640832095.207632 sending message 105 to peer 0x56343b882880 (12 bytes)
1640832095.207642 sending message 105 to peer 0x56343b882880 (103 bytes)
1640832095.207653 sending message 105 to peer 0x56343b882880 (16 bytes)
1640832095.207664 sending message 105 to peer 0x56343b882880 (16 bytes)
1640832095.207674 sending message 105 to peer 0x56343b882880 (25 bytes)
1640832095.207684 sending message 105 to peer 0x56343b882880 (17 bytes)
1640832095.207694 sending message 105 to peer 0x56343b882880 (23 bytes)
1640832095.207705 sending message 105 to peer 0x56343b882880 (19 bytes)
1640832095.207715 sending message 105 to peer 0x56343b882880 (30 bytes)
1640832095.207725 sending message 105 to peer 0x56343b882880 (27 bytes)
1640832095.207736 sending message 105 to peer 0x56343b882880 (24 bytes)
1640832095.207746 sending message 105 to peer 0x56343b882880 (20 bytes)
1640832095.207757 sending message 105 to peer 0x56343b882880 (23 bytes)
1640832095.207767 sending message 105 to peer 0x56343b882880 (21 bytes)
1640832095.207777 sending message 105 to peer 0x56343b882880 (25 bytes)
1640832095.207788 sending message 105 to peer 0x56343b882880 (20 bytes)
1640832095.207798 sending message 105 to peer 0x56343b882880 (9 bytes)
1640832095.207808 sending message 105 to peer 0x56343b882880 (13 bytes)
1640832095.207819 sending message 105 to peer 0x56343b882880 (20 bytes)
1640832095.207829 sending message 105 to peer 0x56343b882880 (15 bytes)
1640832095.207839 sending message 105 to peer 0x56343b882880 (22 bytes)
1640832095.207849 sending message 105 to peer 0x56343b882880 (56 bytes)
1640832095.207859 sending message 105 to peer 0x56343b882880 (65 bytes)
1640832095.207870 sending message 105 to peer 0x56343b882880 (324 bytes)
1640832095.207881 sending message 105 to peer 0x56343b882880 (24 bytes)
1640832095.207892 sending message 105 to peer 0x56343b882880 (27 bytes)
1640832095.207902 sending message 105 to peer 0x56343b882880 (38 bytes)
1640832095.207913 sending message 105 to peer 0x56343b882880 (15 bytes)
1640832095.207924 sending message 105 to peer 0x56343b882880 (8 bytes)
1640832095.207935 sending message 105 to peer 0x56343b882880 (47 bytes)
1640832095.207946 sending message 105 to peer 0x56343b882880 (39 bytes)
1640832095.207957 sending message 105 to peer 0x56343b882880 (17 bytes)
1640832095.207967 sending message 105 to peer 0x56343b882880 (12 bytes)
1640832095.207977 sending message 105 to peer 0x56343b882880 (18 bytes)
1640832095.207988 sending message 105 to peer 0x56343b882880 (30 bytes)
1640832095.207999 sending message 105 to peer 0x56343b882880 (35 bytes)
1640832095.208010 sending message 105 to peer 0x56343b882880 (29 bytes)
1640832095.208020 sending message 105 to peer 0x56343b882880 (14 bytes)
1640832095.208031 sending message 105 to peer 0x56343b882880 (51 bytes)
1640832095.208041 sending message 105 to peer 0x56343b882880 (10 bytes)
1640832095.208052 sending message 105 to peer 0x56343b882880 (28 bytes)
1640832095.208063 sending message 105 to peer 0x56343b882880 (12 bytes)
1640832095.208073 sending message 105 to peer 0x56343b882880 (18 bytes)
1640832095.208084 sending message 105 to peer 0x56343b882880 (13 bytes)
1640832095.208094 sending message 105 to peer 0x56343b882880 (7 bytes)
1640832095.208105 sending message 105 to peer 0x56343b882880 (34 bytes)
1640832095.208116 sending message 105 to peer 0x56343b882880 (34 bytes)
1640832095.208126 sending message 105 to peer 0x56343b882880 (35 bytes)
1640832095.208137 sending message 105 to peer 0x56343b882880 (38 bytes)
1640832095.208147 sending message 105 to peer 0x56343b882880 (31 bytes)
1640832095.208158 sending message 105 to peer 0x56343b882880 (15 bytes)
1640832095.208169 sending message 105 to peer 0x56343b882880 (23 bytes)
1640832095.208180 sending message 105 to peer 0x56343b882880 (17 bytes)
1640832095.208190 sending message 105 to peer 0x56343b882880 (21 bytes)
1640832095.208211 sending message 105 to peer 0x56343b882880 (11 bytes)
1640832095.208222 sending message 105 to peer 0x56343b882880 (22 bytes)
1640832095.208232 sending message 105 to peer 0x56343b882880 (45 bytes)
1640832095.208243 sending message 105 to peer 0x56343b882880 (57 bytes)
1640832095.208253 sending message 105 to peer 0x56343b882880 (31 bytes)
1640832095.208264 sending message 105 to peer 0x56343b882880 (38 bytes)
1640832095.208274 sending message 105 to peer 0x56343b882880 (16 bytes)
1640832095.208284 sending message 105 to peer 0x56343b882880 (65 bytes)
1640832095.208294 sending message 105 to peer 0x56343b882880 (11 bytes)
1640832095.208305 sending message 106 to peer 0x56343b882880 (0 bytes)
1640832095.208337 sending message 200 to peer 0x56343b882880 (4 bytes)
1640832095.208349 client loop enter
1640832095.210573 peer 0x56343b882880 message 303
1640832095.210608 open write file 2 -
1640832095.210634 sending message 305 to peer 0x56343b882880 (8 bytes)
1640832095.210685 write check file 2
1640832095.211393 peer 0x56343b882880 message 304
1640832095.211426 write 58 to file 2
1640832095.211444 peer 0x56343b882880 message 203
1640832095.211456 file 2 58 bytes left
1640832095.211502 write check file 2
1640832095.211514 client loop exit
